<?xml version="1.0" encoding="UTF-8"?>
<!-- Generated by org.testng.reporters.JUnitReportReporter -->
<testsuite hostname="TAMKEEN999" failures="0" tests="1" name="com.actitime.testscripts.CreateCustomer" time="120.583" errors="0" timestamp="2023-04-12T09:27:54 GMT-07:00" skipped="0">
  <testcase classname="com.actitime.testscripts.CreateCustomer" name="createCustomer" time="120.583"/>
  <system-out/>
</testsuite> <!-- com.actitime.testscripts.CreateCustomer -->
